<?xml version="1.0" encoding="UTF-8"?>
<testsuite xmlns:xsi="http://www.w3.org/2001/XMLSchema-instance" xsi:noNamespaceSchemaLocation="https://maven.apache.org/surefire/maven-surefire-plugin/xsd/surefire-test-report.xsd" version="3.0.2" name="cit.edu.portfolioX.PortfolioXApplicationTests" time="7.198" tests="1" errors="0" skipped="0" failures="0">
  <properties>
[...]
</properties>
  <testcase name="contextLoads" classname="cit.edu.portfolioX.PortfolioXApplicationTests" time="0.472">
    <system-out><![CDATA[22:57:21.409 [main] INFO org.springframework.test.context.support.AnnotationConfigContextLoaderUtils -- Could not detect default configuration classes for test class [cit.edu.portfolioX.PortfolioXApplicationTests]: PortfolioXApplicationTests does not declare any static, non-private, non-final, nested classes annotated with @Configuration.
22:57:21.512 [main] INFO org.springframework.boot.test.context.SpringBootTestContextBootstrapper -- Found @SpringBootConfiguration cit.edu.portfolioX.PortfolioXApplication for test class cit.edu.portfolioX.PortfolioXApplicationTests
22:57:21.688 [main] INFO org.springframework.boot.devtools.restart.RestartApplicationListener -- Restart disabled due to context in which it is running

  .   ____          _            __ _ _
 /\\ / ___'_ __ _ _(_)_ __  __ _ \ \ \ \
( ( )\___ | '_ | '_| | '_ \/ _` | \ \ \ \
 \\/  ___)| |_)| | | | | || (_| |  ) ) ) )
  '  |____| .__|_| |_|_| |_\__, | / / / /
 =========|_|==============|___/=/_/_/_/

 :: Spring Boot ::                (v3.4.5)

2025-05-24T22:57:22.024+08:00  INFO 23168 --- [portfolioX] [           main] c.e.p.PortfolioXApplicationTests         : Starting PortfolioXApplicationTests using Java 22.0.1 with PID 23168 (started by ariel in C:\Users\ariel\Documents\PortfolioX-backend\PortfolixCapstone\portfolioX-backend)
2025-05-24T22:57:22.025+08:00  INFO 23168 --- [portfolioX] [           main] c.e.p.PortfolioXApplicationTests         : No active profile set, falling back to 1 default profile: "default"
2025-05-24T22:57:22.957+08:00  INFO 23168 --- [portfolioX] [           main] .s.d.r.c.RepositoryConfigurationDelegate : Bootstrapping Spring Data JPA repositories in DEFAULT mode.
2025-05-24T22:57:23.047+08:00  INFO 23168 --- [portfolioX] [           main] .s.d.r.c.RepositoryConfigurationDelegate : Finished Spring Data repository scanning in 75 ms. Found 8 JPA repository interfaces.
2025-05-24T22:57:23.663+08:00  INFO 23168 --- [portfolioX] [           main] o.hibernate.jpa.internal.util.LogHelper  : HHH000204: Processing PersistenceUnitInfo [name: default]
2025-05-24T22:57:23.715+08:00  INFO 23168 --- [portfolioX] [           main] org.hibernate.Version                    : HHH000412: Hibernate ORM core version 6.6.13.Final
2025-05-24T22:57:23.743+08:00  INFO 23168 --- [portfolioX] [           main] o.h.c.internal.RegionFactoryInitiator    : HHH000026: Second-level cache disabled
2025-05-24T22:57:24.052+08:00  INFO 23168 --- [portfolioX] [           main] o.s.o.j.p.SpringPersistenceUnitInfo      : No LoadTimeWeaver setup: ignoring JPA class transformer
2025-05-24T22:57:24.080+08:00  INFO 23168 --- [portfolioX] [           main] com.zaxxer.hikari.HikariDataSource       : HikariPool-1 - Starting...
2025-05-24T22:57:24.362+08:00  INFO 23168 --- [portfolioX] [           main] com.zaxxer.hikari.pool.HikariPool        : HikariPool-1 - Added connection com.mysql.cj.jdbc.ConnectionImpl@25823192
2025-05-24T22:57:24.365+08:00  INFO 23168 --- [portfolioX] [           main] com.zaxxer.hikari.HikariDataSource       : HikariPool-1 - Start completed.
2025-05-24T22:57:24.421+08:00  WARN 23168 --- [portfolioX] [           main] org.hibernate.orm.deprecation            : HHH90000025: MySQLDialect does not need to be specified explicitly using 'hibernate.dialect' (remove the property setting and it will be selected by default)
2025-05-24T22:57:24.452+08:00  INFO 23168 --- [portfolioX] [           main] org.hibernate.orm.connections.pooling    : HHH10001005: Database info:
	Database JDBC URL [Connecting through datasource 'HikariDataSource (HikariPool-1)']
	Database driver: undefined/unknown
	Database version: 9.0.1
	Autocommit mode: undefined/unknown
	Isolation level: undefined/unknown
	Minimum pool size: undefined/unknown
	Maximum pool size: undefined/unknown
2025-05-24T22:57:25.430+08:00  INFO 23168 --- [portfolioX] [           main] o.h.e.t.j.p.i.JtaPlatformInitiator       : HHH000489: No JTA platform available (set 'hibernate.transaction.jta.platform' to enable JTA platform integration)
2025-05-24T22:57:25.533+08:00  INFO 23168 --- [portfolioX] [           main] j.LocalContainerEntityManagerFactoryBean : Initialized JPA EntityManagerFactory for persistence unit 'default'
2025-05-24T22:57:26.013+08:00  INFO 23168 --- [portfolioX] [           main] o.s.d.j.r.query.QueryEnhancerFactory     : Hibernate is in classpath; If applicable, HQL parser will be used.
2025-05-24T22:57:26.968+08:00  WARN 23168 --- [portfolioX] [           main] JpaBaseConfiguration$JpaWebConfiguration : spring.jpa.open-in-view is enabled by default. Therefore, database queries may be performed during view rendering. Explicitly configure spring.jpa.open-in-view to disable this warning
2025-05-24T22:57:27.673+08:00  WARN 23168 --- [portfolioX] [           main] ion$DefaultTemplateResolverConfiguration : Cannot find template location: classpath:/templates/ (please add some templates, check your Thymeleaf configuration, or set spring.thymeleaf.check-template-location=false)
2025-05-24T22:57:27.866+08:00  INFO 23168 --- [portfolioX] [           main] c.e.p.PortfolioXApplicationTests         : Started PortfolioXApplicationTests in 6.19 seconds (process running for 7.065)
Hibernate: select ue1_0.userid,ue1_0.bio,ue1_0.created_at,ue1_0.fname,ue1_0.last_updated,ue1_0.lname,ue1_0.password,ue1_0.profile_pic,ue1_0.role,ue1_0.status,ue1_0.user_email,ue1_0.username from user_entity ue1_0 where ue1_0.role=?
]]></system-out>
    <system-err><![CDATA[Mockito is currently self-attaching to enable the inline-mock-maker. This will no longer work in future releases of the JDK. Please add Mockito as an agent to your build what is described in Mockito's documentation: https://javadoc.io/doc/org.mockito/mockito-core/latest/org/mockito/Mockito.html#0.3
WARNING: A Java agent has been loaded dynamically (C:\Users\ariel\.m2\repository\net\bytebuddy\byte-buddy-agent\1.15.11\byte-buddy-agent-1.15.11.jar)
WARNING: If a serviceability tool is in use, please run with -XX:+EnableDynamicAgentLoading to hide this warning
WARNING: If a serviceability tool is not in use, please run with -Djdk.instrument.traceUsage for more information
WARNING: Dynamic loading of agents will be disallowed by default in a future release
]]></system-err>
  </testcase>
</testsuite>